make all --print-data-base --no-builtin-variables --no-builtin-rules --question
# GNU Make 3.81
# Copyright (C) 2006  Free Software Foundation, Inc.
# This is free software; see the source for copying conditions.
# There is NO warranty; not even for MERCHANTABILITY or FITNESS FOR A
# PARTICULAR PURPOSE.

# This program built for i386-apple-darwin11.3.0

# Make data base, printed on Sat Jul 16 15:17:15 2022

# Variables

# automatic
<D = $(patsubst %/,%,$(dir $<))
# automatic
?F = $(notdir $?)
# environment
ELECTRON_NO_ATTACH_CONSOLE = 1
# environment
LC_CTYPE = UTF-8
# automatic
?D = $(patsubst %/,%,$(dir $?))
# automatic
@D = $(patsubst %/,%,$(dir $@))
# automatic
@F = $(notdir $@)
# makefile
CURDIR := /Users/niedhui/workspace/dotfiles
# makefile
SHELL = /bin/sh
# environment
VSCODE_NLS_CONFIG = {"locale":"en-us","availableLanguages":{},"_languagePackSupport":true}
# environment
_ = /usr/bin/make
# environment
STARSHIP_SESSION_KEY = 1833830772122473
# environment
AUTOJUMP_SOURCED = 1
# environment
__CFBundleIdentifier = com.microsoft.VSCodeInsiders
# environment
VSCODE_CWD = /Users/niedhui/workspace/dotfiles
# environment
ALACRITTY_SOCKET = /var/folders/gq/qcclc1pd0dv_7ctk6_77tzz00000gn/T/Alacritty-70902.sock
# environment
PATH = /Users/niedhui/.asdf/shims:/usr/local/Cellar/asdf/0.10.2/libexec/bin:/Users/niedhui/.local/share/solana/install/active_release/bin:/usr/local/sbin:/Users/niedhui/.tiup/bin:/Users/niedhui/Library/Android/sdk/platform-tools:/Users/niedhui/.cargo/bin:/Users/niedhui/workspace/gopath/bin:/Users/niedhui/bin:/usr/local/opt/asdf/bin:/usr/local/opt/go/libexec/bin:/Users/niedhui/Applications/flutter/bin:/Users/niedhui/.fig/bin:/usr/local/bin:/usr/bin:/bin:/usr/sbin:/sbin:/Library/Apple/usr/bin:/usr/local/share/dotnet:~/.dotnet/tools:/Library/Frameworks/Mono.framework/Versions/Current/Commands:/Applications/Wireshark.app/Contents/MacOS
# makefile (from `Makefile', line 1)
MAKEFILE_LIST :=  Makefile
# environment
ALACRITTY_LOG = /var/folders/gq/qcclc1pd0dv_7ctk6_77tzz00000gn/T/Alacritty-70902.log
# environment
ELECTRON_RUN_AS_NODE = 1
# environment
ANDROID_HOME = /Users/niedhui/Library/Android/sdk
# default
.FEATURES := target-specific order-only second-expansion else-if archives jobserver check-symlink
# environment
SSH_AUTH_SOCK = /private/tmp/com.apple.launchd.pMJfzYIVOc/Listeners
# automatic
%F = $(notdir $%)
# environment
TMUX_PANE = %0
# environment
PWD = /Users/niedhui/workspace/dotfiles
# environment
NDK_HOME = /Users/niedhui/Library/Android/sdk/ndk-bundle
# environment
ORIGINAL_XDG_CURRENT_DESKTOP = undefined
# environment
VSCODE_AMD_ENTRYPOINT = vs/workbench/api/node/extensionHostProcess
# environment
HOME = /Users/niedhui
# default
MAKEFILEPATH := /Applications/Xcode.app/Contents/Developer/Makefiles
# environment
VSCODE_CLI = 1
# environment
VSCODE_CODE_CACHE_PATH = /Users/niedhui/Library/Application Support/Code - Insiders/CachedData/9925e5d4d3d355758cd09d26868f0c12a0006828
# environment
LOGNAME = niedhui
# environment
APPLICATION_INSIGHTS_NO_DIAGNOSTIC_CHANNEL = true
# environment
VSCODE_HANDLES_UNCAUGHT_ERRORS = true
# automatic
^D = $(patsubst %/,%,$(dir $^))
# environment
ASDF_RUBY_BUILD_VERSION = master
# environment
XPC_FLAGS = 0x0
# environment
COLORTERM = truecolor
# default
MAKE = $(MAKE_COMMAND)
# default
MAKECMDGOALS := all
# environment
OSTYPE = darwin21
# environment
SHLVL = 4
# default
MAKE_VERSION := 3.81
# environment
USER = niedhui
# makefile
.DEFAULT_GOAL := install_alacritty
# automatic
%D = $(patsubst %/,%,$(dir $%))
# default
MAKE_COMMAND := /Applications/Xcode.app/Contents/Developer/usr/bin/make
# environment
TERM_PROGRAM = tmux
# default
.VARIABLES := 
# environment
TMPDIR = /var/folders/gq/qcclc1pd0dv_7ctk6_77tzz00000gn/T/
# automatic
*F = $(notdir $*)
# environment
VSCODE_IPC_HOOK = /Users/niedhui/Library/Application Support/Code - Insiders/1.70.0-insider-main.sock
# environment
MallocNanoZone = 0
# makefile
MAKEFLAGS = Rrqp
# environment
MFLAGS = -Rrqp
# automatic
*D = $(patsubst %/,%,$(dir $*))
# environment
TERM_PROGRAM_VERSION = 3.3a
# environment
XPC_SERVICE_NAME = application.com.microsoft.VSCodeInsiders.294818638.294818644.D10ADEA5-218F-4C17-9AC6-89DD328EE307
# automatic
+D = $(patsubst %/,%,$(dir $+))
# environment
TMUX = /private/tmp/tmux-501/default,70942,0
# automatic
+F = $(notdir $+)
# environment
__CF_USER_TEXT_ENCODING = 0x1F5:0x0:0x0
# environment
COMMAND_MODE = unix2003
# default
MAKEFILES := 
# automatic
<F = $(notdir $<)
# environment
EDITOR = nvim
# environment
LC_ALL = C
# automatic
^F = $(notdir $^)
# default
SUFFIXES := 
# environment
ASDF_DIR = /usr/local/Cellar/asdf/0.10.2/libexec
# default
.INCLUDE_DIRS = /usr/local/include
# environment
MAKELEVEL := 0
# environment
AUTOJUMP_ERROR_PATH = /Users/niedhui/Library/autojump/errors.log
# environment
LANG = C
# environment
TERM = screen-256color
# environment
VSCODE_PID = 71187
# environment
STARSHIP_SHELL = fish
# variable set hash-table stats:
# Load=79/1024=8%, Rehash=0, Collisions=5/103=5%

# Pattern-specific Variable Values

# No pattern-specific variable values.

# Directories

# . (device 16777220, inode 2106469): 10 files, no impossibilities.

# 10 files, no impossibilities in 1 directories.

# Implicit Rules

# No implicit rules.

# Files

ts:
#  Implicit rule search has not been done.
#  Modification time never checked.
#  File has not been updated.
#  commands to execute (from `Makefile', line 48):
	npm i -g typescript ts-node typescript-language-server
	

bootstrap_common: fish vim git tmux ruby idea
#  Implicit rule search has not been done.
#  Modification time never checked.
#  File has not been updated.

idea:
#  Implicit rule search has not been done.
#  Modification time never checked.
#  File has not been updated.
#  commands to execute (from `Makefile', line 31):
	ln -sf $(abspath configs/ideavimrc) ${HOME}/.ideavimrc
	

# Not a target:
all:
#  Command-line target.
#  Implicit rule search has been done.
#  File does not exist.
#  File has not been updated.
# variable set hash-table stats:
# Load=0/32=0%, Rehash=0, Collisions=0/0=0%

vim:
#  Implicit rule search has not been done.
#  Modification time never checked.
#  File has not been updated.
#  commands to execute (from `Makefile', line 15):
	ln -sf $(abspath configs/vim) ${HOME}/.config/nvim
	

karabiner:
#  Implicit rule search has not been done.
#  Modification time never checked.
#  File has not been updated.
#  commands to execute (from `Makefile', line 37):
	ln -sf $(abspath configs/karabiner.json) ${HOME}/.config/karabiner/karabiner.json
	

ruby:
#  Implicit rule search has not been done.
#  Modification time never checked.
#  File has not been updated.
#  commands to execute (from `Makefile', line 25):
	ln -sf $(abspath configs/ruby/gemrc) ${HOME}/.gemrc
	ln -sf $(abspath configs/ruby/irbrc) ${HOME}/.irbrc
	ln -sf $(abspath configs/ruby/pryrc) ${HOME}/.pryrc
	ln -sf $(abspath configs/ruby/rspec) ${HOME}/.rspec
	

bootstrap_ubuntu: install_alacritty install_apts bootstrap_common
#  Implicit rule search has not been done.
#  Modification time never checked.
#  File has not been updated.

git:
#  Implicit rule search has not been done.
#  Modification time never checked.
#  File has not been updated.
#  commands to execute (from `Makefile', line 18):
	ln -sf $(abspath configs/git/gitconfig) ${HOME}/.gitconfig
	ln -sf $(abspath configs/git/gitignore_global) ${HOME}/.gitignore_global
	

# Not a target:
.SUFFIXES:
#  Implicit rule search has not been done.
#  Modification time never checked.
#  File has not been updated.

# Not a target:
Makefile:
#  Implicit rule search has been done.
#  Last modified 2022-07-16 15:11:01
#  File has been updated.
#  Successfully updated.
# variable set hash-table stats:
# Load=0/32=0%, Rehash=0, Collisions=0/0=0%

asdf_ruby:
#  Implicit rule search has not been done.
#  Modification time never checked.
#  File has not been updated.
#  commands to execute (from `Makefile', line 43):
	-asdf plugin-add ruby https://github.com/asdf-vm/asdf-ruby.git
	asdf install ruby 2.6.3
	asdf global ruby 2.6.3
	

# Not a target:
.DEFAULT:
#  Implicit rule search has not been done.
#  Modification time never checked.
#  File has not been updated.

fish:
#  Implicit rule search has not been done.
 
make: *** No rule to make target `all'.  Stop.

#  Modification time never checked.
#  File has not been updated.
#  commands to execute (from `Makefile', line 11):
	-@rm -rf ${HOME}/.config/fish
	ln -sf $(abspath configs/fish) ${HOME}/.config/fish
	

tmux:
#  Implicit rule search has not been done.
#  Modification time never checked.
#  File has not been updated.
#  commands to execute (from `Makefile', line 22):
	ln -sf $(abspath configs/tmux.conf) ${HOME}/.tmux.conf
	

ctags:
#  Implicit rule search has not been done.
#  Modification time never checked.
#  File has not been updated.
#  commands to execute (from `Makefile', line 40):
	ln -sf $(abspath configs/ctags.d) ${HOME}/.ctags.d
	

alacritty:
#  Implicit rule search has not been done.
#  Modification time never checked.
#  File has not been updated.
#  commands to execute (from `Makefile', line 34):
	ln -sf $(abspath configs/alacritty/alacritty.yml) ${HOME}/.config/alacritty/alacritty.yml
	

install_apts:
#  Implicit rule search has not been done.
#  Modification time never checked.
#  File has not been updated.
#  commands to execute (from `Makefile', line 7):
	sudo apt update
	sudo apt install git neovim curl build-essential tmux exa ripgrep fzf
	

bootstrap_osx: bootstrap_common karabiner alacritty
#  Implicit rule search has not been done.
#  Modification time never checked.
#  File has not been updated.

install_alacritty:
#  Implicit rule search has not been done.
#  Modification time never checked.
#  File has not been updated.
#  commands to execute (from `Makefile', line 2):
	sudo add-apt-repository ppa:system76/pop
	sudo apt update
	sudo apt install alacritty
	

# files hash-table stats:
# Load=20/1024=2%, Rehash=0, Collisions=3/44=7%
# VPATH Search Paths

# No `vpath' search paths.

# No general (`VPATH' variable) search path.

# # of strings in strcache: 1
# # of strcache buffers: 1
# strcache size: total = 4096 / max = 4096 / min = 4096 / avg = 4096
# strcache free: total = 4087 / max = 4087 / min = 4087 / avg = 4087

# Finished Make data base on Sat Jul 16 15:17:15 2022

 
